<?xml version="1.0" encoding="utf-8"?><testsuites name="pytest tests"><testsuite name="pytest" errors="0" failures="0" skipped="0" tests="8" time="1.396" timestamp="2026-05-23T20:27:28.649028+00:00" hostname="agent-env-38d41397-b1cf-4258-b44b-ea8632fcb75e"><testcase classname="backend.tests.test_waitlist.TestHealth" name="test_health_ok" time="0.238" /><testcase classname="backend.tests.test_waitlist.TestWaitlistSignup" name="test_signup_valid_email" time="0.115" /><testcase classname="backend.tests.test_waitlist.TestWaitlistSignup" name="test_signup_duplicate_returns_already_registered" time="0.182" /><testcase classname="backend.tests.test_waitlist.TestWaitlistSignup" name="test_signup_invalid_email_returns_400" time="0.126" /><testcase classname="backend.tests.test_waitlist.TestWaitlistSignup" name="test_signup_locale_french_message" time="0.111" /><testcase classname="backend.tests.test_waitlist.TestWaitlistSignup" name="test_signup_locale_english_message" time="0.121" /><testcase classname="backend.tests.test_waitlist.TestWaitlistStats" name="test_stats_returns_total" time="0.106" /><testcase classname="backend.tests.test_waitlist.TestWaitlistStats" name="test_stats_increments_after_signup" time="0.245" /></testsuite></testsuites>